<?xml version="1.0" encoding="UTF-8"?>
<!-- Generated by org.testng.reporters.JUnitReportReporter -->
<testsuite skipped="0" hostname="DESKTOP-3EINJNF" name="DockerBatchFiles.Setup_DockerGrid" tests="4" failures="0" timestamp="2020-07-07T12:38:37 BST" time="85.045" errors="0">
  <testcase name="startgrid" time="15.015" classname="DockerBatchFiles.Setup_DockerGrid"/>
  <system-out/>
  <testcase name="Scaleupgrid" time="50.010" classname="DockerBatchFiles.Setup_DockerGrid"/>
  <system-out/>
  <testcase name="stopgrid" time="15.010" classname="DockerBatchFiles.Setup_DockerGrid"/>
  <system-out/>
  <testcase name="CloseCommandPrompts" time="5.010" classname="DockerBatchFiles.Setup_DockerGrid"/>
  <system-out/>
</testsuite> <!-- DockerBatchFiles.Setup_DockerGrid -->
