<?xml version="1.0" encoding="UTF-8"?>
<!-- Generated by org.testng.reporters.JUnitReportReporter -->
<testsuite skipped="0" hostname="DESKTOP-3EINJNF" name="SeleniumGrid.Test11_ff" tests="1" failures="0" timestamp="2020-07-07T13:40:07 BST" time="31.591" errors="0">
  <testcase name="Docker_Firefox_Test" time="31.591" classname="SeleniumGrid.Test11_ff"/>
  <system-out/>
</testsuite> <!-- SeleniumGrid.Test11_ff -->
