<?xml version="1.0" encoding="UTF-8"?>
<!-- Generated by org.testng.reporters.JUnitReportReporter -->
<testsuite skipped="0" hostname="DESKTOP-3EINJNF" name="SeleniumGrid.Test2_ch" tests="1" failures="0" timestamp="2020-07-07T13:40:07 BST" time="18.397" errors="0">
  <testcase name="TestOne" time="18.397" classname="SeleniumGrid.Test2_ch"/>
  <system-out/>
</testsuite> <!-- SeleniumGrid.Test2_ch -->
