<?xml version="1.0" encoding="UTF-8"?>
<!-- Generated by org.testng.reporters.JUnitReportReporter -->
<testsuite skipped="0" hostname="DESKTOP-3EINJNF" name="SeleniumGrid.Test3_ch" tests="1" failures="0" timestamp="2020-07-07T13:40:07 BST" time="16.139" errors="0">
  <testcase name="TestOne" time="16.139" classname="SeleniumGrid.Test3_ch"/>
  <system-out/>
</testsuite> <!-- SeleniumGrid.Test3_ch -->
