<?xml version="1.0" encoding="UTF-8"?>
<!-- Generated by org.testng.reporters.JUnitReportReporter -->
<testsuite skipped="0" hostname="DESKTOP-3EINJNF" name="selenium.docker.grid.dockerWithChrome" tests="1" failures="0" timestamp="2020-07-07T11:12:10 BST" time="4.248" errors="0">
  <testcase name="Docker_Chrome_Test" time="4.248" classname="selenium.docker.grid.dockerWithChrome"/>
  <system-out/>
</testsuite> <!-- selenium.docker.grid.dockerWithChrome -->
